<?xml version="1.0" encoding="UTF-8"?>
<!-- Generated by org.testng.reporters.JUnitXMLReporter -->
<testsuite ignored="0" hostname="DESKTOP-F1RHDCE" failures="0" tests="2" name="BankingApp Test" time="32.13" errors="0" timestamp="2024-01-07T12:44:15 IST">
  <testcase classname="com.guru99.demo.gtpl_bank.test_cases.TC_LoginTest_001" name="loginTest" time="2.662"/>
  <testcase classname="com.guru99.demo.gtpl_bank.test_cases.TC_AddCustomerTest_003" name="addNewCustomer" time="16.479"/>
</testsuite> <!-- BankingApp Test -->
