<?xml version="1.0" encoding="UTF-8"?>
<testsuite xmlns:xsi="http://www.w3.org/2001/XMLSchema-instance" xsi:noNamespaceSchemaLocation="https://maven.apache.org/surefire/maven-surefire-plugin/xsd/surefire-test-report-3.0.xsd" version="3.0" name="TestSuite" time="34.133" tests="2" errors="0" skipped="0" failures="0">
  <properties>
[...]
</properties>
  <testcase name="loginTest" classname="com.guru99.demo.gtpl_bank.test_cases.TC_LoginTest_001" time="1.509">
    <system-out><![CDATA[ INFO [main] (BaseClass.java:60)- url is opened
 INFO [main] (TC_LoginTest_001.java:16)- entered username
 INFO [main] (TC_LoginTest_001.java:19)- entered password
 INFO [main] (TC_LoginTest_001.java:22)- click on submit button
 INFO [main] (TC_LoginTest_001.java:23)- logged into system
 INFO [main] (TC_LoginTest_001.java:29)- loginTest passed
]]></system-out>
    <system-err><![CDATA[SLF4J: Failed to load class "org.slf4j.impl.StaticLoggerBinder".
SLF4J: Defaulting to no-operation (NOP) logger implementation
SLF4J: See http://www.slf4j.org/codes.html#StaticLoggerBinder for further details.
Jan 07, 2024 12:47:01 PM org.openqa.selenium.devtools.CdpVersionFinder findNearestMatch
WARNING: Unable to find an exact match for CDP version 120, returning the closest version; found: 119; Please update to a Selenium version that supports CDP version 120
]]></system-err>
  </testcase>
  <testcase name="addNewCustomer" classname="com.guru99.demo.gtpl_bank.test_cases.TC_AddCustomerTest_003" time="16.996">
    <system-out><![CDATA[ INFO [main] (BaseClass.java:60)- url is opened
 INFO [main] (TC_AddCustomerTest_003.java:16)- entered username
 INFO [main] (TC_AddCustomerTest_003.java:19)- entered password
 INFO [main] (TC_AddCustomerTest_003.java:22)- click on submit button
 INFO [main] (TC_AddCustomerTest_003.java:23)- logged into system
 INFO [main] (TC_AddCustomerTest_003.java:42)- captured customer details
 INFO [main] (TC_AddCustomerTest_003.java:43)- click on submit button
 INFO [main] (TC_AddCustomerTest_003.java:45)- validation started....
 INFO [main] (TC_AddCustomerTest_003.java:50)- addNewCustomer test pass
]]></system-out>
    <system-err><![CDATA[Jan 07, 2024 12:47:11 PM org.openqa.selenium.devtools.CdpVersionFinder findNearestMatch
WARNING: Unable to find an exact match for CDP version 120, returning the closest version; found: 119; Please update to a Selenium version that supports CDP version 120
]]></system-err>
  </testcase>
</testsuite>